<?xml version="1.0" encoding="UTF-8"?>
<!-- Generated by org.testng.reporters.JUnitXMLReporter -->
<testsuite ignored="0" hostname="Vaibhavs-MacBook-Air.local" failures="0" tests="9" name="Default test" time="5.342" errors="0" timestamp="2024-03-23T16:30:41 IST">
  <testcase classname="com.qa.service.tests.shoppingAppTest" name="EndToEndFlowTest" time="5.131"/>
  <testcase classname="com.qa.service.tests.shoppingAppTest" name="EndToEndFlowTest" time="0.005"/>
  <testcase classname="com.qa.service.tests.shoppingAppTest" name="EndToEndFlowTest" time="0.007"/>
  <testcase classname="com.qa.service.tests.shoppingAppTest" name="EndToEndFlowTestTwo" time="0.004"/>
  <testcase classname="com.qa.service.tests.shoppingAppTest" name="EndToEndFlowTestTwo" time="0.007"/>
  <testcase classname="com.qa.service.tests.shoppingAppTest" name="EndToEndFlowTestTwo" time="0.005"/>
  <testcase classname="com.qa.service.tests.shoppingAppTest" name="EndToEndFlowTestThree" time="0.005"/>
  <testcase classname="com.qa.service.tests.shoppingAppTest" name="EndToEndFlowTestThree" time="0.004"/>
  <testcase classname="com.qa.service.tests.shoppingAppTest" name="EndToEndFlowTestThree" time="0.003"/>
</testsuite> <!-- Default test -->
