<?xml version="1.0" encoding="UTF-8"?>
<!-- Generated by org.testng.reporters.JUnitXMLReporter -->
<testsuite ignored="0" hostname="Vaibhavs-MacBook-Air.local" failures="0" tests="9" name="Test" time="5.319" errors="0" timestamp="2024-03-23T16:31:48 IST">
  <testcase classname="com.qa.service.tests.shoppingAppTest" name="EndToEndFlowTest" time="5.117"/>
  <testcase classname="com.qa.service.tests.shoppingAppTest" name="EndToEndFlowTest" time="0.005"/>
  <testcase classname="com.qa.service.tests.shoppingAppTest" name="EndToEndFlowTest" time="0.005"/>
  <testcase classname="com.qa.service.tests.shoppingAppTest" name="EndToEndFlowTestTwo" time="0.004"/>
  <testcase classname="com.qa.service.tests.shoppingAppTest" name="EndToEndFlowTestTwo" time="0.002"/>
  <testcase classname="com.qa.service.tests.shoppingAppTest" name="EndToEndFlowTestTwo" time="0.01"/>
  <testcase classname="com.qa.service.tests.shoppingAppTest" name="EndToEndFlowTestThree" time="0.006"/>
  <testcase classname="com.qa.service.tests.shoppingAppTest" name="EndToEndFlowTestThree" time="0.005"/>
  <testcase classname="com.qa.service.tests.shoppingAppTest" name="EndToEndFlowTestThree" time="0.002"/>
</testsuite> <!-- Test -->
