<?xml version="1.0" encoding="UTF-8"?>
<testsuite xmlns:xsi="http://www.w3.org/2001/XMLSchema-instance" xsi:noNamespaceSchemaLocation="https://maven.apache.org/surefire/maven-surefire-plugin/xsd/surefire-test-report-3.0.xsd" version="3.0" name="TestSuite" time="5.472" tests="9" errors="0" skipped="0" failures="0">
  <properties>
[...]
</properties>
  <testcase name="EndToEndFlowTest[shiv, shakti](1)" classname="com.qa.service.tests.shoppingAppTest" time="5.098">
    <system-out><![CDATA[user login with credentials : shiv  shakti
user search product : macbook
user adds product to cart : macbook added
user selected payment mode : UPI
user made payment successfully : UPI payment successfull !!!!
Order ID generated : 8cd5f1d13997408dad13c3041a419ffc
LogOut successfull
]]></system-out>
    <system-err><![CDATA[SLF4J: Failed to load class "org.slf4j.impl.StaticLoggerBinder".
SLF4J: Defaulting to no-operation (NOP) logger implementation
SLF4J: See http://www.slf4j.org/codes.html#StaticLoggerBinder for further details.
]]></system-err>
  </testcase>
  <testcase name="EndToEndFlowTest[Radha, Krishna](2)" classname="com.qa.service.tests.shoppingAppTest" time="0.001">
    <system-out><![CDATA[user login with credentials : Radha  Krishna
user search product : macbook
user adds product to cart : macbook added
user selected payment mode : UPI
user made payment successfully : UPI payment successfull !!!!
Order ID generated : 8cd5f1d13997408dad13c3041a419ffc
LogOut successfull
]]></system-out>
  </testcase>
  <testcase name="EndToEndFlowTest[Sita, Ram](3)" classname="com.qa.service.tests.shoppingAppTest" time="0.0">
    <system-out><![CDATA[user login with credentials : Sita  Ram
user search product : macbook
user adds product to cart : macbook added
user selected payment mode : UPI
user made payment successfully : UPI payment successfull !!!!
Order ID generated : 8cd5f1d13997408dad13c3041a419ffc
LogOut successfull
]]></system-out>
  </testcase>
  <testcase name="EndToEndFlowTestTwo[shiv, shakti](1)" classname="com.qa.service.tests.shoppingAppTest" time="0.0">
    <system-out><![CDATA[user login with credentials : shiv  shakti
user search product : iPhone
user adds product to cart : iPhone added
user selected payment mode : UPI
user made payment successfully : UPI payment successfull !!!!
Order ID generated : 8cd5f1d13997408dad13c3041a419ffc
LogOut successfull
]]></system-out>
  </testcase>
  <testcase name="EndToEndFlowTestTwo[Radha, Krishna](2)" classname="com.qa.service.tests.shoppingAppTest" time="0.003">
    <system-out><![CDATA[user login with credentials : Radha  Krishna
user search product : iPhone
user adds product to cart : iPhone added
user selected payment mode : UPI
user made payment successfully : UPI payment successfull !!!!
Order ID generated : 8cd5f1d13997408dad13c3041a419ffc
LogOut successfull
]]></system-out>
  </testcase>
  <testcase name="EndToEndFlowTestTwo[Sita, Ram](3)" classname="com.qa.service.tests.shoppingAppTest" time="0.002">
    <system-out><![CDATA[user login with credentials : Sita  Ram
user search product : iPhone
user adds product to cart : iPhone added
user selected payment mode : UPI
user made payment successfully : UPI payment successfull !!!!
Order ID generated : 8cd5f1d13997408dad13c3041a419ffc
LogOut successfull
]]></system-out>
  </testcase>
  <testcase name="EndToEndFlowTestThree[shiv, shakti](1)" classname="com.qa.service.tests.shoppingAppTest" time="0.002">
    <system-out><![CDATA[user login with credentials : shiv  shakti
user search product : Kurta
user adds product to cart : Kurta added
user selected payment mode : UPI
user made payment successfully : UPI payment successfull !!!!
Order ID generated : 8cd5f1d13997408dad13c3041a419ffc
LogOut successfull
]]></system-out>
  </testcase>
  <testcase name="EndToEndFlowTestThree[Radha, Krishna](2)" classname="com.qa.service.tests.shoppingAppTest" time="0.001">
    <system-out><![CDATA[user login with credentials : Radha  Krishna
user search product : Kurta
user adds product to cart : Kurta added
user selected payment mode : UPI
user made payment successfully : UPI payment successfull !!!!
Order ID generated : 8cd5f1d13997408dad13c3041a419ffc
LogOut successfull
]]></system-out>
  </testcase>
  <testcase name="EndToEndFlowTestThree[Sita, Ram](3)" classname="com.qa.service.tests.shoppingAppTest" time="0.004">
    <system-out><![CDATA[user login with credentials : Sita  Ram
user search product : Kurta
user adds product to cart : Kurta added
user selected payment mode : UPI
user made payment successfully : UPI payment successfull !!!!
Order ID generated : 8cd5f1d13997408dad13c3041a419ffc
LogOut successfull
]]></system-out>
  </testcase>
</testsuite>