<?xml version="1.0" encoding="UTF-8"?>
<testng-results ignored="0" total="9" passed="9" failed="0" skipped="0">
  <reporter-output>
  </reporter-output>
  <suite started-at="2024-03-23T16:31:43 IST" name="Suite" finished-at="2024-03-23T16:31:48 IST" duration-ms="5319">
    <groups>
    </groups>
    <test started-at="2024-03-23T16:31:43 IST" name="Test" finished-at="2024-03-23T16:31:48 IST" duration-ms="5319">
      <class name="com.qa.service.tests.shoppingAppTest">
        <test-method is-config="true" signature="getSetupData()[pri:0, instance:com.qa.service.tests.shoppingAppTest@20f5281c]" started-at="2024-03-23T16:31:43 IST" name="getSetupData" finished-at="2024-03-23T16:31:43 IST" duration-ms="9" status="PASS">
          <reporter-output>
          </reporter-output>
        </test-method> <!-- getSetupData -->
        <test-method signature="EndToEndFlowTest(java.lang.String,java.lang.String)[pri:1, instance:com.qa.service.tests.shoppingAppTest@20f5281c]" started-at="2024-03-23T16:31:43 IST" name="EndToEndFlowTest" data-provider="testData" finished-at="2024-03-23T16:31:48 IST" duration-ms="5117" status="PASS">
          <params>
            <param index="0">
              <value>
                <![CDATA[shiv]]>
              </value>
            </param>
            <param index="1">
              <value>
                <![CDATA[shakti]]>
              </value>
            </param>
          </params>
          <reporter-output>
          </reporter-output>
        </test-method> <!-- EndToEndFlowTest -->
        <test-method signature="EndToEndFlowTest(java.lang.String,java.lang.String)[pri:1, instance:com.qa.service.tests.shoppingAppTest@20f5281c]" started-at="2024-03-23T16:31:48 IST" name="EndToEndFlowTest" data-provider="testData" finished-at="2024-03-23T16:31:48 IST" duration-ms="5" status="PASS">
          <params>
            <param index="0">
              <value>
                <![CDATA[Radha]]>
              </value>
            </param>
            <param index="1">
              <value>
                <![CDATA[Krishna]]>
              </value>
            </param>
          </params>
          <reporter-output>
          </reporter-output>
        </test-method> <!-- EndToEndFlowTest -->
        <test-method signature="EndToEndFlowTest(java.lang.String,java.lang.String)[pri:1, instance:com.qa.service.tests.shoppingAppTest@20f5281c]" started-at="2024-03-23T16:31:48 IST" name="EndToEndFlowTest" data-provider="testData" finished-at="2024-03-23T16:31:48 IST" duration-ms="5" status="PASS">
          <params>
            <param index="0">
              <value>
                <![CDATA[Sita]]>
              </value>
            </param>
            <param index="1">
              <value>
                <![CDATA[Ram]]>
              </value>
            </param>
          </params>
          <reporter-output>
          </reporter-output>
        </test-method> <!-- EndToEndFlowTest -->
        <test-method signature="EndToEndFlowTestTwo(java.lang.String,java.lang.String)[pri:2, instance:com.qa.service.tests.shoppingAppTest@20f5281c]" started-at="2024-03-23T16:31:48 IST" name="EndToEndFlowTestTwo" data-provider="testData" finished-at="2024-03-23T16:31:48 IST" duration-ms="4" status="PASS">
          <params>
            <param index="0">
              <value>
                <![CDATA[shiv]]>
              </value>
            </param>
            <param index="1">
              <value>
                <![CDATA[shakti]]>
              </value>
            </param>
          </params>
          <reporter-output>
          </reporter-output>
        </test-method> <!-- EndToEndFlowTestTwo -->
        <test-method signature="EndToEndFlowTestTwo(java.lang.String,java.lang.String)[pri:2, instance:com.qa.service.tests.shoppingAppTest@20f5281c]" started-at="2024-03-23T16:31:48 IST" name="EndToEndFlowTestTwo" data-provider="testData" finished-at="2024-03-23T16:31:48 IST" duration-ms="2" status="PASS">
          <params>
            <param index="0">
              <value>
                <![CDATA[Radha]]>
              </value>
            </param>
            <param index="1">
              <value>
                <![CDATA[Krishna]]>
              </value>
            </param>
          </params>
          <reporter-output>
          </reporter-output>
        </test-method> <!-- EndToEndFlowTestTwo -->
        <test-method signature="EndToEndFlowTestTwo(java.lang.String,java.lang.String)[pri:2, instance:com.qa.service.tests.shoppingAppTest@20f5281c]" started-at="2024-03-23T16:31:48 IST" name="EndToEndFlowTestTwo" data-provider="testData" finished-at="2024-03-23T16:31:48 IST" duration-ms="10" status="PASS">
          <params>
            <param index="0">
              <value>
                <![CDATA[Sita]]>
              </value>
            </param>
            <param index="1">
              <value>
                <![CDATA[Ram]]>
              </value>
            </param>
          </params>
          <reporter-output>
          </reporter-output>
        </test-method> <!-- EndToEndFlowTestTwo -->
        <test-method signature="EndToEndFlowTestThree(java.lang.String,java.lang.String)[pri:3, instance:com.qa.service.tests.shoppingAppTest@20f5281c]" started-at="2024-03-23T16:31:48 IST" name="EndToEndFlowTestThree" data-provider="testData" finished-at="2024-03-23T16:31:48 IST" duration-ms="6" status="PASS">
          <params>
            <param index="0">
              <value>
                <![CDATA[shiv]]>
              </value>
            </param>
            <param index="1">
              <value>
                <![CDATA[shakti]]>
              </value>
            </param>
          </params>
          <reporter-output>
          </reporter-output>
        </test-method> <!-- EndToEndFlowTestThree -->
        <test-method signature="EndToEndFlowTestThree(java.lang.String,java.lang.String)[pri:3, instance:com.qa.service.tests.shoppingAppTest@20f5281c]" started-at="2024-03-23T16:31:48 IST" name="EndToEndFlowTestThree" data-provider="testData" finished-at="2024-03-23T16:31:48 IST" duration-ms="5" status="PASS">
          <params>
            <param index="0">
              <value>
                <![CDATA[Radha]]>
              </value>
            </param>
            <param index="1">
              <value>
                <![CDATA[Krishna]]>
              </value>
            </param>
          </params>
          <reporter-output>
          </reporter-output>
        </test-method> <!-- EndToEndFlowTestThree -->
        <test-method signature="EndToEndFlowTestThree(java.lang.String,java.lang.String)[pri:3, instance:com.qa.service.tests.shoppingAppTest@20f5281c]" started-at="2024-03-23T16:31:48 IST" name="EndToEndFlowTestThree" data-provider="testData" finished-at="2024-03-23T16:31:48 IST" duration-ms="2" status="PASS">
          <params>
            <param index="0">
              <value>
                <![CDATA[Sita]]>
              </value>
            </param>
            <param index="1">
              <value>
                <![CDATA[Ram]]>
              </value>
            </param>
          </params>
          <reporter-output>
          </reporter-output>
        </test-method> <!-- EndToEndFlowTestThree -->
      </class> <!-- com.qa.service.tests.shoppingAppTest -->
    </test> <!-- Test -->
  </suite> <!-- Suite -->
</testng-results>
